Using pre-set license
Built from '2020.3/release' branch; Version is '2020.3.12f1 (b3b2c6512326) revision 11776710'; Using compiler version '192528614'; Build Type 'Release'
OS: 'Windows 10 Home; OS build 19042.1237; Version 2009; 64bit' Language: 'en' Physical Memory: 8060 MB
BatchMode: 1, IsHumanControllingUs: 0, StartBugReporterOnCrash: 0, Is64bit: 1, IsPro: 0

 COMMAND LINE ARGUMENTS:
C:\Program Files\Unity\Hub\Editor\2020.3.12f1\Editor\Unity.exe
-adb2
-batchMode
-noUpm
-name
AssetImportWorker0
-projectPath
C:/Users/franj/Documents/DigitalAssets/UnityProjects/Spline Stamper
-logFile
Logs/AssetImportWorker0.log
-srvPort
62526
Successfully changed project path to: C:/Users/franj/Documents/DigitalAssets/UnityProjects/Spline Stamper
C:/Users/franj/Documents/DigitalAssets/UnityProjects/Spline Stamper
Using Asset Import Pipeline V2.
Refreshing native plugins compatible for Editor in 25.89 ms, found 2 plugins.
Preloading 0 native plugins for Editor in 0.00 ms.
Initialize engine version: 2020.3.12f1 (b3b2c6512326)
[Subsystems] Discovering subsystems at path C:/Program Files/Unity/Hub/Editor/2020.3.12f1/Editor/Data/Resources/UnitySubsystems
[Subsystems] Discovering subsystems at path C:/Users/franj/Documents/DigitalAssets/UnityProjects/Spline Stamper/Assets
GfxDevice: creating device client; threaded=0
Direct3D:
    Version:  Direct3D 11.0 [level 11.1]
    Renderer: NVIDIA GeForce RTX 3060 Laptop GPU (ID=0x2560)
    Vendor:   
    VRAM:     6023 MB
    Driver:   27.21.14.6692
Initialize mono
Mono path[0] = 'C:/Program Files/Unity/Hub/Editor/2020.3.12f1/Editor/Data/Managed'
Mono path[1] = 'C:/Program Files/Unity/Hub/Editor/2020.3.12f1/Editor/Data/MonoBleedingEdge/lib/mono/unityjit'
Mono config path = 'C:/Program Files/Unity/Hub/Editor/2020.3.12f1/Editor/Data/MonoBleedingEdge/etc'
Using monoOptions --debugger-agent=transport=dt_socket,embedding=1,server=y,suspend=n,address=127.0.0.1:56028
Begin MonoManager ReloadAssembly
Registering precompiled unity dll's ...
Register platform support module: C:/Program Files/Unity/Hub/Editor/2020.3.12f1/Editor/Data/PlaybackEngines/WindowsStandaloneSupport/UnityEditor.WindowsStandalone.Extensions.dll
Registered in 0.002554 seconds.
Native extension for WindowsStandalone target not found
Refreshing native plugins compatible for Editor in 21.65 ms, found 2 plugins.
Preloading 0 native plugins for Editor in 0.00 ms.
Mono: successfully reloaded assembly
- Completed reload, in  2.179 seconds
Platform modules already initialized, skipping
Registering precompiled user dll's ...
Registered in 0.008729 seconds.
Begin MonoManager ReloadAssembly
Native extension for WindowsStandalone target not found
Refreshing native plugins compatible for Editor in 0.32 ms, found 2 plugins.
Preloading 0 native plugins for Editor in 0.00 ms.
Mono: successfully reloaded assembly
- Completed reload, in  0.795 seconds
Platform modules already initialized, skipping
========================================================================
Worker process is ready to serve import requests
Launched and connected shader compiler UnityShaderCompiler.exe after 0.04 seconds
Refreshing native plugins compatible for Editor in 0.68 ms, found 2 plugins.
Preloading 0 native plugins for Editor in 0.00 ms.
Unloading 1386 Unused Serialized files (Serialized files now loaded: 0)
System memory in use before: 64.7 MB.
System memory in use after: 64.7 MB.

Unloading 19 unused Assets to reduce memory usage. Loaded Objects now: 1819.
Total: 2.044600 ms (FindLiveObjects: 0.186700 ms CreateObjectMapping: 0.033000 ms MarkObjects: 1.745500 ms  DeleteObjects: 0.078200 ms)

AssetImportParameters requested are different than current active one (requested -> active):
  custom:framework-win-MediaFoundation: 216162199b28c13a410421893ffa2e32 -> 
  custom:video-decoder-ogg-theora: a1e56fd34408186e4bbccfd4996cb3dc -> 
  custom:container-muxer-webm: aa71ff27fc2769a1b78a27578f13a17b -> 
  custom:container-demuxer-webm: 4f35f7cbe854078d1ac9338744f61a02 -> 
  custom:container-demuxer-ogg: 62fdf1f143b41e24485cea50d1cbac27 -> 
  custom:video-encoder-webm-vp8: eb34c28f22e8b96e1ab97ce403110664 -> 
  custom:video-codec-MediaFoundation-h265: 746d11721c4dcdbdad8f713fa42b33f4 -> 
  custom:video-decoder-webm-vp8: 9c59270c3fd7afecdb556c50c9e8de78 -> 
  custom:audio-decoder-ogg-vorbis: bf7c407c2cedff20999df2af8eb42d56 -> 
  custom:audio-encoder-webm-vorbis: bf7c407c2cedff20999df2af8eb42d56 -> 
========================================================================
Received Prepare
Registering precompiled user dll's ...
Registered in 0.002982 seconds.
Begin MonoManager ReloadAssembly
Native extension for WindowsStandalone target not found
Refreshing native plugins compatible for Editor in 0.32 ms, found 2 plugins.
Preloading 0 native plugins for Editor in 0.00 ms.
Mono: successfully reloaded assembly
- Completed reload, in  0.670 seconds
Platform modules already initialized, skipping
Refreshing native plugins compatible for Editor in 0.34 ms, found 2 plugins.
Preloading 0 native plugins for Editor in 0.00 ms.
Unloading 1392 Unused Serialized files (Serialized files now loaded: 0)
System memory in use before: 64.9 MB.
System memory in use after: 65.0 MB.

Unloading 14 unused Assets to reduce memory usage. Loaded Objects now: 1833.
Total: 1.881400 ms (FindLiveObjects: 0.147800 ms CreateObjectMapping: 0.035100 ms MarkObjects: 1.652400 ms  DeleteObjects: 0.045200 ms)

AssetImportParameters requested are different than current active one (requested -> active):
  custom:framework-win-MediaFoundation: 216162199b28c13a410421893ffa2e32 -> 
  custom:video-decoder-ogg-theora: a1e56fd34408186e4bbccfd4996cb3dc -> 
  custom:container-muxer-webm: aa71ff27fc2769a1b78a27578f13a17b -> 
  custom:container-demuxer-webm: 4f35f7cbe854078d1ac9338744f61a02 -> 
  custom:container-demuxer-ogg: 62fdf1f143b41e24485cea50d1cbac27 -> 
  custom:video-encoder-webm-vp8: eb34c28f22e8b96e1ab97ce403110664 -> 
  custom:video-codec-MediaFoundation-h265: 746d11721c4dcdbdad8f713fa42b33f4 -> 
  custom:video-decoder-webm-vp8: 9c59270c3fd7afecdb556c50c9e8de78 -> 
  custom:audio-decoder-ogg-vorbis: bf7c407c2cedff20999df2af8eb42d56 -> 
  custom:audio-encoder-webm-vorbis: bf7c407c2cedff20999df2af8eb42d56 -> 
========================================================================
Received Import Request.
  path: Assets/SplineStamper
  artifactKey: Guid(06d8c447a5701ec4d986b8251c278e9e) Importer(815301076,1909f56bfc062723c751e8b465ee728b)
Start importing Assets/SplineStamper using Guid(06d8c447a5701ec4d986b8251c278e9e) Importer(815301076,1909f56bfc062723c751e8b465ee728b)  -> (artifact id: '4b695061f5b7198702e5887d18111d29') in 0.009778 seconds 
  Import took 0.012963 seconds .

========================================================================
Received Import Request.
  Time since last request: 1.493318 seconds.
  path: Assets/SplineStamper/Scenes
  artifactKey: Guid(a64f2ab7c48f8a944b558d05d7ce2bbc) Importer(815301076,1909f56bfc062723c751e8b465ee728b)
Start importing Assets/SplineStamper/Scenes using Guid(a64f2ab7c48f8a944b558d05d7ce2bbc) Importer(815301076,1909f56bfc062723c751e8b465ee728b)  -> (artifact id: '4980e7bf49c4b5d1c0d7589831253606') in 0.007128 seconds 
  Import took 0.009407 seconds .

========================================================================
Received Import Request.
  Time since last request: 0.648120 seconds.
  path: Assets/SplineStamper/Scenes/SplineStamper_Demo.unity
  artifactKey: Guid(9fc0d4010bbf28b4594072e72b8655ab) Importer(815301076,1909f56bfc062723c751e8b465ee728b)
Start importing Assets/SplineStamper/Scenes/SplineStamper_Demo.unity using Guid(9fc0d4010bbf28b4594072e72b8655ab) Importer(815301076,1909f56bfc062723c751e8b465ee728b)  -> (artifact id: 'b5bb0a09d48a885c8bb1a1fc1218081d') in 0.013433 seconds 
  Import took 0.015826 seconds .

========================================================================
Received Import Request.
  Time since last request: 332.798320 seconds.
  path: Assets/SplineStamper/Art/Textures/Tex_Grid_Gray.png
  artifactKey: Guid(80d0cbd9c2a07504dbb2d373e28f36b2) Importer(815301076,1909f56bfc062723c751e8b465ee728b)
Start importing Assets/SplineStamper/Art/Textures/Tex_Grid_Gray.png using Guid(80d0cbd9c2a07504dbb2d373e28f36b2) Importer(815301076,1909f56bfc062723c751e8b465ee728b)  -> (artifact id: '17248b2f9479da564ae764ad67fd84ca') in 0.049208 seconds 
  Import took 0.052560 seconds .

========================================================================
Received Import Request.
  Time since last request: 0.000184 seconds.
  path: Assets/SplineStamper/Art/Textures/Mud Brown/Mud Brown - Default_baseColor.png
  artifactKey: Guid(c0e3ba45307ec464caf73575337e6310) Importer(815301076,1909f56bfc062723c751e8b465ee728b)
Start importing Assets/SplineStamper/Art/Textures/Mud Brown/Mud Brown - Default_baseColor.png using Guid(c0e3ba45307ec464caf73575337e6310) Importer(815301076,1909f56bfc062723c751e8b465ee728b)  -> (artifact id: '383d0c5e625345d9164936a58f637e42') in 0.020189 seconds 
  Import took 0.023166 seconds .

========================================================================
Received Import Request.
  Time since last request: 0.000217 seconds.
  path: Assets/SplineStamper/Art/Textures/GrassForestFloor/GrassForestFloor_baseColor.png
  artifactKey: Guid(4018d58c83632c64d80a67d383e8a075) Importer(815301076,1909f56bfc062723c751e8b465ee728b)
Start importing Assets/SplineStamper/Art/Textures/GrassForestFloor/GrassForestFloor_baseColor.png using Guid(4018d58c83632c64d80a67d383e8a075) Importer(815301076,1909f56bfc062723c751e8b465ee728b)  -> (artifact id: '413dbb3012a71323c51ac4527986a032') in 0.015048 seconds 
  Import took 0.017482 seconds .

========================================================================
Received Import Request.
  Time since last request: 0.117908 seconds.
  path: Assets/SplineStamper/Art/Textures/Tex_Grid_Gray.png
  artifactKey: Guid(80d0cbd9c2a07504dbb2d373e28f36b2) Importer(815301076,1909f56bfc062723c751e8b465ee728b)
Start importing Assets/SplineStamper/Art/Textures/Tex_Grid_Gray.png using Guid(80d0cbd9c2a07504dbb2d373e28f36b2) Importer(815301076,1909f56bfc062723c751e8b465ee728b)  -> (artifact id: '17248b2f9479da564ae764ad67fd84ca') in 0.006698 seconds 
  Import took 0.010428 seconds .

========================================================================
Received Import Request.
  Time since last request: 0.784186 seconds.
  path: Assets/SplineStamper/Art/TerrainLayers/Grid.terrainlayer
  artifactKey: Guid(47bfbd4caab4c214698315a8ecc6bb0c) Importer(815301076,1909f56bfc062723c751e8b465ee728b)
Start importing Assets/SplineStamper/Art/TerrainLayers/Grid.terrainlayer using Guid(47bfbd4caab4c214698315a8ecc6bb0c) Importer(815301076,1909f56bfc062723c751e8b465ee728b)  -> (artifact id: 'f4633c09826993b1d6f8ecda418ea35e') in 0.036803 seconds 
  Import took 0.040063 seconds .

========================================================================
Received Import Request.
  Time since last request: 0.001489 seconds.
  path: Assets/SplineStamper/Art/TerrainLayers/Grid.terrainlayer
  artifactKey: Guid(47bfbd4caab4c214698315a8ecc6bb0c) Importer(815301076,1909f56bfc062723c751e8b465ee728b)
Start importing Assets/SplineStamper/Art/TerrainLayers/Grid.terrainlayer using Guid(47bfbd4caab4c214698315a8ecc6bb0c) Importer(815301076,1909f56bfc062723c751e8b465ee728b)  -> (artifact id: 'f4633c09826993b1d6f8ecda418ea35e') in 0.005980 seconds 
  Import took 0.008831 seconds .

========================================================================
Received Import Request.
  Time since last request: 436.584714 seconds.
  path: Assets/SplineStamper/Scenes/SplineStamper_Demo
  artifactKey: Guid(8b6fb87bdea64314cbee76f5cd5e2f6a) Importer(815301076,1909f56bfc062723c751e8b465ee728b)
Start importing Assets/SplineStamper/Scenes/SplineStamper_Demo using Guid(8b6fb87bdea64314cbee76f5cd5e2f6a) Importer(815301076,1909f56bfc062723c751e8b465ee728b)  -> (artifact id: 'a12f6fba991b079b0765f8141371e3fa') in 0.006528 seconds 
  Import took 0.008901 seconds .

========================================================================
Received Import Request.
  Time since last request: 0.059109 seconds.
  path: Assets/SplineStamper/Scenes/SplineStamper_Demo/LightingData.asset
  artifactKey: Guid(55c55876f2529a6448bf10b173f3b847) Importer(815301076,1909f56bfc062723c751e8b465ee728b)
Start importing Assets/SplineStamper/Scenes/SplineStamper_Demo/LightingData.asset using Guid(55c55876f2529a6448bf10b173f3b847) Importer(815301076,1909f56bfc062723c751e8b465ee728b)  -> (artifact id: 'ec324189962a2d3ce812534819eaf328') in 0.007907 seconds 
  Import took 0.010639 seconds .

========================================================================
Received Import Request.
  Time since last request: 0.000165 seconds.
  path: Assets/SplineStamper/Scenes/SplineStamper_Demo/ReflectionProbe-0.exr
  artifactKey: Guid(0d43aa1dcbec3f346b3ec2c3929ff644) Importer(815301076,1909f56bfc062723c751e8b465ee728b)
Start importing Assets/SplineStamper/Scenes/SplineStamper_Demo/ReflectionProbe-0.exr using Guid(0d43aa1dcbec3f346b3ec2c3929ff644) Importer(815301076,1909f56bfc062723c751e8b465ee728b)  -> (artifact id: '991b26fa3b1468ee72138ff799f8f5b5') in 0.043095 seconds 
  Import took 0.045252 seconds .

========================================================================
Received Import Request.
  Time since last request: 1.621324 seconds.
  path: Assets/SplineStamper/Art
  artifactKey: Guid(b6edfdb5678c734499209697dd6b23e4) Importer(815301076,1909f56bfc062723c751e8b465ee728b)
Start importing Assets/SplineStamper/Art using Guid(b6edfdb5678c734499209697dd6b23e4) Importer(815301076,1909f56bfc062723c751e8b465ee728b)  -> (artifact id: '88301697584af7de5e7350fa9bfef0f0') in 0.005849 seconds 
  Import took 0.007997 seconds .

========================================================================
Received Import Request.
  Time since last request: 0.775536 seconds.
  path: Assets/SplineStamper/Art/TerrainLayers
  artifactKey: Guid(d9a41762f21c76443aed0583456d0c70) Importer(815301076,1909f56bfc062723c751e8b465ee728b)
Start importing Assets/SplineStamper/Art/TerrainLayers using Guid(d9a41762f21c76443aed0583456d0c70) Importer(815301076,1909f56bfc062723c751e8b465ee728b)  -> (artifact id: 'a166767a36a06ba4349d48761d8e3de4') in 0.005963 seconds 
  Import took 0.008280 seconds .

========================================================================
Received Import Request.
  Time since last request: 0.511062 seconds.
  path: Assets/SplineStamper/Art/Materials
  artifactKey: Guid(a2947f734186b7d48804b49baeb401bb) Importer(815301076,1909f56bfc062723c751e8b465ee728b)
Start importing Assets/SplineStamper/Art/Materials using Guid(a2947f734186b7d48804b49baeb401bb) Importer(815301076,1909f56bfc062723c751e8b465ee728b)  -> (artifact id: '7c7bba4fb952792ee306bf44d0e015eb') in 0.005731 seconds 
  Import took 0.008485 seconds .

========================================================================
Received Import Request.
  Time since last request: 0.066912 seconds.
  path: Assets/SplineStamper/Art/Materials/FakeWater.mat
  artifactKey: Guid(c746c3238d136634dbb0c8ceb7c37d33) Importer(815301076,1909f56bfc062723c751e8b465ee728b)
Start importing Assets/SplineStamper/Art/Materials/FakeWater.mat using Guid(c746c3238d136634dbb0c8ceb7c37d33) Importer(815301076,1909f56bfc062723c751e8b465ee728b)  -> (artifact id: 'a7fcc6d2b64dd38d1105afe0319575d7') in 0.184728 seconds 
  Import took 0.187659 seconds .

========================================================================
Received Import Request.
  Time since last request: 0.000172 seconds.
  path: Assets/SplineStamper/Art/Materials/TexturesCom_WaterPlain0012_1_seamless_S.jpg
  artifactKey: Guid(e0e40ebb7f11da5419e4aa0158dfc2fc) Importer(815301076,1909f56bfc062723c751e8b465ee728b)
Start importing Assets/SplineStamper/Art/Materials/TexturesCom_WaterPlain0012_1_seamless_S.jpg using Guid(e0e40ebb7f11da5419e4aa0158dfc2fc) Importer(815301076,1909f56bfc062723c751e8b465ee728b)  -> (artifact id: '85bc0e6885747ad19c86798510bdbd04') in 0.013673 seconds 
  Import took 0.016151 seconds .

========================================================================
Received Import Request.
  Time since last request: 0.000163 seconds.
  path: Assets/SplineStamper/Art/Materials/WaterTexture.png
  artifactKey: Guid(6a4bc5d53ff624c44aa5112123899315) Importer(815301076,1909f56bfc062723c751e8b465ee728b)
Start importing Assets/SplineStamper/Art/Materials/WaterTexture.png using Guid(6a4bc5d53ff624c44aa5112123899315) Importer(815301076,1909f56bfc062723c751e8b465ee728b)  -> (artifact id: '02d4796ef77c1d0df7c0389e1ab56235') in 0.015143 seconds 
  Import took 0.017578 seconds .

========================================================================
Received Import Request.
  Time since last request: 0.000191 seconds.
  path: Assets/SplineStamper/Art/Materials/PathMaterial.mat
  artifactKey: Guid(cd47c1b7852b20b41b47e16ec349eb6a) Importer(815301076,1909f56bfc062723c751e8b465ee728b)
Start importing Assets/SplineStamper/Art/Materials/PathMaterial.mat using Guid(cd47c1b7852b20b41b47e16ec349eb6a) Importer(815301076,1909f56bfc062723c751e8b465ee728b)  -> (artifact id: '6cfa2e683fdf5e3d88ccd8f48062fb3f') in 0.168040 seconds 
  Import took 0.170491 seconds .

========================================================================
Received Import Request.
  Time since last request: 0.000164 seconds.
  path: Assets/SplineStamper/Art/Materials/TextureRailway.png
  artifactKey: Guid(2924736b287581847a5af5ae607d818f) Importer(815301076,1909f56bfc062723c751e8b465ee728b)
Start importing Assets/SplineStamper/Art/Materials/TextureRailway.png using Guid(2924736b287581847a5af5ae607d818f) Importer(815301076,1909f56bfc062723c751e8b465ee728b)  -> (artifact id: '6d92442026310fe628f2c815857313f4') in 0.012572 seconds 
  Import took 0.015162 seconds .

========================================================================
Received Import Request.
  Time since last request: 0.000204 seconds.
  path: Assets/SplineStamper/Art/Materials/TerrainBasic.mat
  artifactKey: Guid(21362f1a8c419dd45bc5fa4fec791a9c) Importer(815301076,1909f56bfc062723c751e8b465ee728b)
Start importing Assets/SplineStamper/Art/Materials/TerrainBasic.mat using Guid(21362f1a8c419dd45bc5fa4fec791a9c) Importer(815301076,1909f56bfc062723c751e8b465ee728b)  -> (artifact id: '8a75b8419982694f763d2252ad3837e0') in 0.179295 seconds 
  Import took 0.181828 seconds .

========================================================================
Received Import Request.
  Time since last request: 76.738583 seconds.
  path: Assets/SplineStamper/Editor
  artifactKey: Guid(6990283d8881fbb42866a554f3530798) Importer(815301076,1909f56bfc062723c751e8b465ee728b)
Start importing Assets/SplineStamper/Editor using Guid(6990283d8881fbb42866a554f3530798) Importer(815301076,1909f56bfc062723c751e8b465ee728b)  -> (artifact id: '8d5e7af8b1b992626a933e8e518bb7c6') in 0.006045 seconds 
  Import took 0.008219 seconds .

========================================================================
Received Import Request.
  Time since last request: 0.434717 seconds.
  path: Assets/SplineStamper/Misc
  artifactKey: Guid(5f461aaacafc82a44a64970c04c41f82) Importer(815301076,1909f56bfc062723c751e8b465ee728b)
Start importing Assets/SplineStamper/Misc using Guid(5f461aaacafc82a44a64970c04c41f82) Importer(815301076,1909f56bfc062723c751e8b465ee728b)  -> (artifact id: '6c591c9a0960ba8d9a3484e08070c973') in 0.005880 seconds 
  Import took 0.008213 seconds .

========================================================================
Received Import Request.
  Time since last request: 0.345207 seconds.
  path: Assets/SplineStamper/Models
  artifactKey: Guid(8c283019eb8b9ad43b553e02f2d9f8d5) Importer(815301076,1909f56bfc062723c751e8b465ee728b)
Start importing Assets/SplineStamper/Models using Guid(8c283019eb8b9ad43b553e02f2d9f8d5) Importer(815301076,1909f56bfc062723c751e8b465ee728b)  -> (artifact id: '6f70a8456851ccbf111021c60ee040b2') in 0.005958 seconds 
  Import took 0.008522 seconds .

========================================================================
Received Import Request.
  Time since last request: 3.620682 seconds.
  path: Assets/SplineStamper/Misc/DemoTerrain_SplineStamper.asset
  artifactKey: Guid(0ade205c7b11c964ab2a75665339af17) Importer(815301076,1909f56bfc062723c751e8b465ee728b)
Start importing Assets/SplineStamper/Misc/DemoTerrain_SplineStamper.asset using Guid(0ade205c7b11c964ab2a75665339af17) Importer(815301076,1909f56bfc062723c751e8b465ee728b)  -> (artifact id: '28d7c63ec63305e08fbaebae98b583b6') in 0.019187 seconds 
  Import took 0.021528 seconds .

========================================================================
Received Import Request.
  Time since last request: 0.000153 seconds.
  path: Assets/SplineStamper/Misc/PathScriptable_Demo.asset
  artifactKey: Guid(5943682f2b15d8c4e99b0e03aa1849ae) Importer(815301076,1909f56bfc062723c751e8b465ee728b)
Start importing Assets/SplineStamper/Misc/PathScriptable_Demo.asset using Guid(5943682f2b15d8c4e99b0e03aa1849ae) Importer(815301076,1909f56bfc062723c751e8b465ee728b)  -> (artifact id: 'c4a91f39b855fad2951fecd5b5239b6b') in 0.389422 seconds 
  Import took 0.391590 seconds .

========================================================================
Received Import Request.
  Time since last request: 3.978108 seconds.
  path: Assets/SplineStamper/Models/minecart.fbx
  artifactKey: Guid(9e1296dc499ac594aa89ade60bb0cc93) Importer(815301076,1909f56bfc062723c751e8b465ee728b)
Start importing Assets/SplineStamper/Models/minecart.fbx using Guid(9e1296dc499ac594aa89ade60bb0cc93) Importer(815301076,1909f56bfc062723c751e8b465ee728b)  -> (artifact id: '86c8ea936607a4d4511ef06b898bc478') in 0.212490 seconds 
  Import took 0.215026 seconds .

========================================================================
Received Import Request.
  Time since last request: 0.000159 seconds.
  path: Assets/SplineStamper/Models/MineCart_Prefab.prefab
  artifactKey: Guid(65e95e083cda1104e8afc6bf31ffabc1) Importer(815301076,1909f56bfc062723c751e8b465ee728b)
Start importing Assets/SplineStamper/Models/MineCart_Prefab.prefab using Guid(65e95e083cda1104e8afc6bf31ffabc1) Importer(815301076,1909f56bfc062723c751e8b465ee728b)  -> (artifact id: '8dc53dfa22103cedf820bc1b16bfe0f3') in 0.198567 seconds 
  Import took 0.200579 seconds .

========================================================================
Received Import Request.
  Time since last request: 266.042527 seconds.
  path: Assets/SplineStamper/Models/Billboard
  artifactKey: Guid(878777b10c6106b428cb7d1cb26be122) Importer(815301076,1909f56bfc062723c751e8b465ee728b)
Start importing Assets/SplineStamper/Models/Billboard using Guid(878777b10c6106b428cb7d1cb26be122) Importer(815301076,1909f56bfc062723c751e8b465ee728b)  -> (artifact id: 'c84a0c753b5305f42ae3fa7841cfa975') in 0.006351 seconds 
  Import took 0.008707 seconds .

========================================================================
Received Import Request.
  Time since last request: 0.066634 seconds.
  path: Assets/SplineStamper/Models/Billboard/Billboard_Prefab.prefab
  artifactKey: Guid(a4c7a11493f29e84f9a0b8a662ad1284) Importer(815301076,1909f56bfc062723c751e8b465ee728b)
Start importing Assets/SplineStamper/Models/Billboard/Billboard_Prefab.prefab using Guid(a4c7a11493f29e84f9a0b8a662ad1284) Importer(815301076,1909f56bfc062723c751e8b465ee728b)  -> (artifact id: '839c47692fb2784be039dcdb7d64e9f9') in 0.028553 seconds 
  Import took 0.030947 seconds .

========================================================================
Received Import Request.
  Time since last request: 1387.387502 seconds.
  path: Assets/Editor Default Resources
  artifactKey: Guid(1396667ad3859c34ea0fb8474d71dcc8) Importer(815301076,1909f56bfc062723c751e8b465ee728b)
Start importing Assets/Editor Default Resources using Guid(1396667ad3859c34ea0fb8474d71dcc8) Importer(815301076,1909f56bfc062723c751e8b465ee728b)  -> (artifact id: 'aa825fc94e3aa56ee28276e685c624b3') in 0.006766 seconds 
  Import took 0.009349 seconds .

========================================================================
Received Import Request.
  Time since last request: 4.139157 seconds.
  path: Assets/SplineStamper/SplineStamper_Documentation.pdf
  artifactKey: Guid(b87a36339cd07cd468fb9d88da302e67) Importer(815301076,1909f56bfc062723c751e8b465ee728b)
Start importing Assets/SplineStamper/SplineStamper_Documentation.pdf using Guid(b87a36339cd07cd468fb9d88da302e67) Importer(815301076,1909f56bfc062723c751e8b465ee728b)  -> (artifact id: 'afc7b93a23e07026e28b60c03d5a7422') in 0.008467 seconds 
  Import took 0.010849 seconds .

